03/24/2023 10:03:34 PM [INFO] Added parameter: Conv2DSize: min=1, max=256, is_integer=True, resolution=1, stages=6
03/24/2023 10:03:34 PM [INFO] Added parameter: Dense1Size: min=1, max=256, is_integer=True, resolution=1, stages=6
03/24/2023 10:03:34 PM [INFO] Added parameter: Dense2Size: min=1, max=256, is_integer=True, resolution=1, stages=6
03/24/2023 10:03:34 PM [INFO] Beginning run:

03/24/2023 10:03:34 PM [INFO] Testing initial model...
03/24/2023 10:11:00 PM [INFO] Starting Score: 0.574903984225269
03/24/2023 10:11:00 PM [INFO] Beginning Parameter Space Search...
03/24/2023 10:11:00 PM [INFO] Current Stage: 6
03/24/2023 10:11:00 PM [INFO] Current Values: [128, 128, 128]
03/24/2023 10:11:00 PM [DEBUG] Trying Conv2DSize from 128 to 256
03/24/2023 10:18:19 PM [INFO] Iteration:1, Time:439.4696514606476, Score:0.574903984225269
03/24/2023 10:18:19 PM [DEBUG] Trying Conv2DSize from 128 to 1
03/24/2023 10:25:40 PM [INFO] Iteration:2, Time:441.27925062179565, Score:0.574903984225269
03/24/2023 10:25:40 PM [DEBUG] Trying Dense1Size from 128 to 256
03/24/2023 10:33:03 PM [INFO] Iteration:3, Time:442.1783106327057, Score:0.574903984225269
03/24/2023 10:33:03 PM [DEBUG] Trying Dense1Size from 128 to 1
03/24/2023 10:40:42 PM [INFO] Iteration:4, Time:459.8155426979065, Score:0.574903984225269
03/24/2023 10:40:42 PM [DEBUG] Trying Dense2Size from 128 to 256
03/24/2023 10:48:06 PM [INFO] Iteration:5, Time:443.8795828819275, Score:0.574903984225269
03/24/2023 10:48:06 PM [DEBUG] Trying Dense2Size from 128 to 1
03/24/2023 10:55:28 PM [INFO] Iteration:6, Time:442.02156138420105, Score:0.5806297096351105
03/24/2023 10:55:28 PM [INFO] Current Stage: 5
03/24/2023 10:55:28 PM [INFO] Current Values: [128, 128, 1]
03/24/2023 10:55:28 PM [DEBUG] Trying Conv2DSize from 128 to 192
03/24/2023 10:59:50 PM [INFO] Iteration:7, Time:261.5068771839142, Score:0.5806297096351105
03/24/2023 10:59:50 PM [DEBUG] Trying Conv2DSize from 128 to 64
03/24/2023 11:04:11 PM [INFO] Iteration:8, Time:261.12648582458496, Score:0.5806297096351105
03/24/2023 11:04:11 PM [DEBUG] Trying Dense1Size from 128 to 192
03/24/2023 11:08:35 PM [INFO] Iteration:9, Time:264.3583068847656, Score:0.5806297096351105
03/24/2023 11:08:35 PM [DEBUG] Trying Dense1Size from 128 to 64
03/24/2023 11:12:57 PM [INFO] Iteration:10, Time:262.1353688240051, Score:0.5806297096351105
03/24/2023 11:12:57 PM [DEBUG] Trying Dense2Size from 1 to 65
03/24/2023 11:17:18 PM [INFO] Iteration:11, Time:260.9956955909729, Score:0.5806297096351105
03/24/2023 11:17:18 PM [INFO] Current Stage: 4
03/24/2023 11:17:18 PM [INFO] Current Values: [128, 128, 1]
03/24/2023 11:17:18 PM [DEBUG] Trying Conv2DSize from 128 to 160
03/24/2023 11:21:40 PM [INFO] Iteration:12, Time:261.6611294746399, Score:0.5806297096351105
03/24/2023 11:21:40 PM [DEBUG] Trying Conv2DSize from 128 to 96
03/24/2023 11:26:03 PM [INFO] Iteration:13, Time:262.62495136260986, Score:0.5806297096351105
03/24/2023 11:26:03 PM [DEBUG] Trying Dense1Size from 128 to 160
03/24/2023 11:30:25 PM [INFO] Iteration:14, Time:262.6096091270447, Score:0.5806297096351105
03/24/2023 11:30:25 PM [DEBUG] Trying Dense1Size from 128 to 96
03/24/2023 11:34:47 PM [INFO] Iteration:15, Time:261.7270247936249, Score:0.5806297096351105
03/24/2023 11:34:47 PM [DEBUG] Trying Dense2Size from 1 to 33
03/24/2023 11:39:08 PM [INFO] Iteration:16, Time:261.38956451416016, Score:0.5806297096351105
03/24/2023 11:39:08 PM [INFO] Current Stage: 3
03/24/2023 11:39:08 PM [INFO] Current Values: [128, 128, 1]
03/24/2023 11:39:08 PM [DEBUG] Trying Conv2DSize from 128 to 144
03/24/2023 11:43:34 PM [INFO] Iteration:17, Time:265.512455701828, Score:0.5806297096351105
03/24/2023 11:43:34 PM [DEBUG] Trying Conv2DSize from 128 to 112
03/24/2023 11:47:56 PM [INFO] Iteration:18, Time:261.8029029369354, Score:0.5806297096351105
03/24/2023 11:47:56 PM [DEBUG] Trying Dense1Size from 128 to 144
03/24/2023 11:52:19 PM [INFO] Iteration:19, Time:263.0728666782379, Score:0.5806297096351105
03/24/2023 11:52:19 PM [DEBUG] Trying Dense1Size from 128 to 112
03/24/2023 11:56:40 PM [INFO] Iteration:20, Time:261.49628710746765, Score:0.5806297096351105
03/24/2023 11:56:40 PM [DEBUG] Trying Dense2Size from 1 to 17
03/25/2023 12:01:06 AM [INFO] Iteration:21, Time:265.38116669654846, Score:0.5806297096351105
03/25/2023 12:01:06 AM [INFO] Current Stage: 2
03/25/2023 12:01:06 AM [INFO] Current Values: [128, 128, 1]
03/25/2023 12:01:06 AM [DEBUG] Trying Conv2DSize from 128 to 136
03/25/2023 12:05:28 AM [INFO] Iteration:22, Time:262.3555157184601, Score:0.5806297096351105
03/25/2023 12:05:28 AM [DEBUG] Trying Conv2DSize from 128 to 120
03/25/2023 12:09:50 AM [INFO] Iteration:23, Time:262.35352063179016, Score:0.5806297096351105
03/25/2023 12:09:50 AM [DEBUG] Trying Dense1Size from 128 to 136
03/25/2023 12:14:13 AM [INFO] Iteration:24, Time:262.9335904121399, Score:0.5806297096351105
03/25/2023 12:14:13 AM [DEBUG] Trying Dense1Size from 128 to 120
03/25/2023 12:18:38 AM [INFO] Iteration:25, Time:264.58943462371826, Score:0.5806297096351105
03/25/2023 12:18:38 AM [DEBUG] Trying Dense2Size from 1 to 9
03/25/2023 12:23:03 AM [INFO] Iteration:26, Time:265.15552949905396, Score:0.5806297096351105
03/25/2023 12:23:03 AM [INFO] Current Stage: 1
03/25/2023 12:23:03 AM [INFO] Current Values: [128, 128, 1]
03/25/2023 12:23:03 AM [DEBUG] Trying Conv2DSize from 128 to 132
03/25/2023 12:27:26 AM [INFO] Iteration:27, Time:263.00246715545654, Score:0.5806297096351105
03/25/2023 12:27:26 AM [DEBUG] Trying Conv2DSize from 128 to 124
03/25/2023 12:31:49 AM [INFO] Iteration:28, Time:262.66302251815796, Score:0.5806297096351105
03/25/2023 12:31:49 AM [DEBUG] Trying Dense1Size from 128 to 132
03/25/2023 12:36:15 AM [INFO] Iteration:29, Time:266.14494347572327, Score:0.5806297096351105
03/25/2023 12:36:15 AM [DEBUG] Trying Dense1Size from 128 to 124
03/25/2023 12:40:49 AM [INFO] Iteration:30, Time:274.484578371048, Score:0.5806297096351105
03/25/2023 12:40:49 AM [DEBUG] Trying Dense2Size from 1 to 5
03/25/2023 12:45:13 AM [INFO] Iteration:31, Time:263.7702488899231, Score:0.5806297096351105
03/25/2023 12:45:13 AM [INFO] Current Stage: 0
03/25/2023 12:45:13 AM [INFO] Current Values: [128, 128, 1]
03/25/2023 12:45:13 AM [DEBUG] Trying Conv2DSize from 128 to 130
03/25/2023 12:49:40 AM [INFO] Iteration:32, Time:266.6017105579376, Score:0.5806297096351105
03/25/2023 12:49:40 AM [DEBUG] Trying Conv2DSize from 128 to 126
03/25/2023 12:54:06 AM [INFO] Iteration:33, Time:266.3026909828186, Score:0.5806297096351105
03/25/2023 12:54:06 AM [DEBUG] Trying Dense1Size from 128 to 130
03/25/2023 12:58:30 AM [INFO] Iteration:34, Time:263.4552540779114, Score:0.5806297096351105
03/25/2023 12:58:30 AM [DEBUG] Trying Dense1Size from 128 to 126
03/25/2023 01:02:53 AM [INFO] Iteration:35, Time:263.10181975364685, Score:0.5806297096351105
03/25/2023 01:02:53 AM [DEBUG] Trying Dense2Size from 1 to 3
03/25/2023 01:07:20 AM [INFO] Iteration:36, Time:267.54469895362854, Score:0.5806297096351105
03/25/2023 01:07:20 AM [INFO] Parameters converged, performing final scoring...

03/25/2023 01:07:20 AM [INFO] Final Parameters:
[128, 128, 1]
03/25/2023 01:07:20 AM [INFO] Total runtime: 11026.21568441391 (about 3 hours)
