04/29/2023 05:40:19 PM [INFO] Added parameter: Conv2DSize-1: min=1, max=64, is_integer=True, resolution=1, stages=4
04/29/2023 05:40:19 PM [INFO] Added parameter: Conv2DSize-2: min=1, max=128, is_integer=True, resolution=1, stages=5
04/29/2023 05:40:19 PM [INFO] Added parameter: Dense1Size: min=768, max=1024, is_integer=True, resolution=1, stages=7
04/29/2023 05:40:19 PM [INFO] Beginning run:
<ltpspace.Explorer object at 0x0000019B2D020910>
04/29/2023 05:40:19 PM [INFO] Recovering from: Logfiles\ltps_2023-04-28_21-21-42.log
04/29/2023 05:40:19 PM [INFO] Recovered score: 0.7299999999999999
04/29/2023 05:40:19 PM [INFO] Recovered params: [18, 124, 976]
04/29/2023 05:40:19 PM [INFO] Recovered currentparam: 1
04/29/2023 05:40:19 PM [INFO] Recovered direction: True
04/29/2023 05:40:19 PM [INFO] Recovered stages: 2
04/29/2023 05:40:19 PM [INFO] Beginning Parameter Space Search...
04/29/2023 05:40:19 PM [INFO] Status Update - Score: 0.7299999999999999; Parameters: [18, 124, 976]; Currentparam: 1; Direction: True; Stage: 2;
04/29/2023 05:40:19 PM [DEBUG] Trying Conv2DSize-2 from 124 to 128
04/29/2023 10:03:23 PM [INFO] Iteration:2, Time:15783.36633515358, Score:0.7192592592592593
04/29/2023 10:03:23 PM [INFO] Status Update - Score: 0.7299999999999999; Parameters: [18, 124, 976]; Currentparam: 1; Direction: False; Stage: 2;
04/29/2023 10:03:23 PM [DEBUG] Trying Conv2DSize-2 from 124 to 116
04/30/2023 02:18:35 AM [INFO] Iteration:3, Time:15311.419660806656, Score:0.7186111111111112
04/30/2023 02:18:35 AM [INFO] Status Update - Score: 0.7299999999999999; Parameters: [18, 124, 976]; Currentparam: 2; Direction: True; Stage: 2;
04/30/2023 02:18:35 AM [DEBUG] Trying Dense1Size from 976 to 980
04/30/2023 06:28:56 AM [INFO] Iteration:4, Time:15021.149781227112, Score:0.7087962962962963
04/30/2023 06:28:56 AM [INFO] Status Update - Score: 0.7299999999999999; Parameters: [18, 124, 976]; Currentparam: 2; Direction: False; Stage: 2;
04/30/2023 06:28:56 AM [DEBUG] Trying Dense1Size from 976 to 972
