04/04/2023 09:37:00 AM [INFO] Added parameter: Conv2DSize-1: min=1, max=64, is_integer=True, resolution=1, stages=4
04/04/2023 09:37:00 AM [INFO] Added parameter: Conv2DSize-2: min=1, max=128, is_integer=True, resolution=1, stages=5
04/04/2023 09:37:00 AM [INFO] Added parameter: Dense1Size: min=1, max=1024, is_integer=True, resolution=1, stages=8
04/04/2023 09:37:00 AM [INFO] Added parameter: Dropout1: min=0.1, max=0.9, is_integer=False, resolution=0.1, stages=2
04/04/2023 09:37:00 AM [INFO] Beginning run:
<ltpspace.Explorer object at 0x000001D7FAE9D850>
04/04/2023 09:37:00 AM [INFO] Recovering from: Logfiles\ltps_2023-04-03_22-54-50.log
04/04/2023 09:37:00 AM [INFO] Recovered score: 0.7332091002757648
04/04/2023 09:37:00 AM [INFO] Recovered params: [6, 116, 912, 0.8]
04/04/2023 09:37:00 AM [INFO] Recovered currentparam: 2
04/04/2023 09:37:00 AM [INFO] Recovered direction: False
04/04/2023 09:37:00 AM [INFO] Recovered stages: 0
04/04/2023 09:37:00 AM [INFO] Beginning Parameter Space Search...
04/04/2023 09:37:00 AM [INFO] Status Update - Score: 0.7332091002757648; Parameters: [6, 116, 912, 0.8]; Currentparam: 2; Direction: False; Stage: 0;
04/04/2023 09:37:00 AM [DEBUG] Trying Dense1Size from 912 to 910
04/04/2023 09:45:32 AM [WARNING] 5 out of the last 13 calls to <function Model.make_predict_function.<locals>.predict_function at 0x000001D7FB12C360> triggered tf.function retracing. Tracing is expensive and the excessive number of tracings could be due to (1) creating @tf.function repeatedly in a loop, (2) passing tensors with different shapes, (3) passing Python objects instead of tensors. For (1), please define your @tf.function outside of the loop. For (2), @tf.function has reduce_retracing=True option that can avoid unnecessary retracing. For (3), please refer to https://www.tensorflow.org/guide/function#controlling_retracing and https://www.tensorflow.org/api_docs/python/tf/function for  more details.
04/04/2023 09:47:19 AM [WARNING] 5 out of the last 13 calls to <function Model.make_predict_function.<locals>.predict_function at 0x000001D7FABEE840> triggered tf.function retracing. Tracing is expensive and the excessive number of tracings could be due to (1) creating @tf.function repeatedly in a loop, (2) passing tensors with different shapes, (3) passing Python objects instead of tensors. For (1), please define your @tf.function outside of the loop. For (2), @tf.function has reduce_retracing=True option that can avoid unnecessary retracing. For (3), please refer to https://www.tensorflow.org/guide/function#controlling_retracing and https://www.tensorflow.org/api_docs/python/tf/function for  more details.
04/04/2023 09:54:54 AM [INFO] Iteration:2, Time:1073.5160241127014, Score:0.6311320385382555
04/04/2023 09:54:54 AM [INFO] Status Update - Score: 0.7332091002757648; Parameters: [6, 116, 912, 0.8]; Currentparam: 3; Direction: True; Stage: 0;
04/04/2023 09:54:54 AM [DEBUG] Trying Dropout1 from 0.8 to 0.9
04/04/2023 10:12:57 AM [INFO] Iteration:3, Time:1083.2444994449615, Score:0.6394756260973262
04/04/2023 10:12:57 AM [INFO] Status Update - Score: 0.7332091002757648; Parameters: [6, 116, 912, 0.8]; Currentparam: 3; Direction: False; Stage: 0;
04/04/2023 10:12:57 AM [DEBUG] Trying Dropout1 from 0.8 to 0.7000000000000001
04/04/2023 10:31:13 AM [INFO] Iteration:4, Time:1095.5881445407867, Score:0.5977524946506838
04/04/2023 10:31:13 AM [INFO] Parameters converged, performing final scoring...

04/04/2023 10:40:26 AM [INFO] Learning Curve Data:
04/04/2023 10:40:26 AM [INFO] Sample Sizes:             60      120      180      240      300      360      420      480      540      600
04/04/2023 10:40:26 AM [INFO] Train Scores:        0.69663  0.53488  0.93617  0.92800  0.92013  0.90756  0.81704  0.93252  0.89189  0.84547
04/04/2023 10:40:26 AM [INFO] Test Scores:         0.67384  0.13720  0.74964  0.72794  0.73786  0.65641  0.50161  0.78287  0.65158  0.63218
04/04/2023 10:40:26 AM [INFO] Validation Scores:   0.70968  0.08547  0.74074  0.74074  0.76018  0.65969  0.50299  0.75926  0.66667  0.62032
04/04/2023 10:40:27 AM [INFO] Final Parameters:
[6, 116, 912, 0.8]
04/04/2023 10:40:27 AM [INFO] Total runtime: 3806.630607843399
