04/04/2023 04:45:42 PM [INFO] Added parameter: Conv2DSize: min=1, max=256, is_integer=True, resolution=1, stages=6
04/04/2023 04:45:42 PM [INFO] Added parameter: Dense1Size: min=512, max=1024, is_integer=True, resolution=1, stages=8
04/04/2023 04:45:42 PM [INFO] Added parameter: Dropout1: min=0.1, max=0.9, is_integer=False, resolution=0.1, stages=2
04/04/2023 04:45:42 PM [INFO] Beginning run:
<ltpspace.Explorer object at 0x000002365218B590>
04/04/2023 04:45:42 PM [INFO] Recovering from: Logfiles\ltps_2023-04-04_16-44-15.log
04/04/2023 04:45:42 PM [ERROR] No status update line found, aborting recovery.
04/04/2023 04:45:42 PM [ERROR] Recovery Failed.
04/04/2023 04:45:42 PM [INFO] Beginning Parameter Space Search...
04/04/2023 04:45:42 PM [INFO] Testing initial model...
04/04/2023 04:48:35 PM [WARNING] 5 out of the last 13 calls to <function Model.make_predict_function.<locals>.predict_function at 0x0000023657216700> triggered tf.function retracing. Tracing is expensive and the excessive number of tracings could be due to (1) creating @tf.function repeatedly in a loop, (2) passing tensors with different shapes, (3) passing Python objects instead of tensors. For (1), please define your @tf.function outside of the loop. For (2), @tf.function has reduce_retracing=True option that can avoid unnecessary retracing. For (3), please refer to https://www.tensorflow.org/guide/function#controlling_retracing and https://www.tensorflow.org/api_docs/python/tf/function for  more details.
04/04/2023 04:49:11 PM [WARNING] 5 out of the last 13 calls to <function Model.make_predict_function.<locals>.predict_function at 0x0000023652623600> triggered tf.function retracing. Tracing is expensive and the excessive number of tracings could be due to (1) creating @tf.function repeatedly in a loop, (2) passing tensors with different shapes, (3) passing Python objects instead of tensors. For (1), please define your @tf.function outside of the loop. For (2), @tf.function has reduce_retracing=True option that can avoid unnecessary retracing. For (3), please refer to https://www.tensorflow.org/guide/function#controlling_retracing and https://www.tensorflow.org/api_docs/python/tf/function for  more details.
04/04/2023 04:51:50 PM [INFO] Iteration:2, Time:368.28167057037354, Score:0.7134465377090804
04/04/2023 04:51:50 PM [INFO] Starting Score: 0.7134465377090804
04/04/2023 04:51:50 PM [INFO] Status Update - Score: 0.7134465377090804; Parameters: [8, 795, 0.7000000000000001]; Currentparam: 0; Direction: True; Stage: 8;
04/04/2023 04:51:50 PM [INFO] Status Update - Score: 0.7134465377090804; Parameters: [8, 795, 0.7000000000000001]; Currentparam: 1; Direction: True; Stage: 8;
04/04/2023 04:51:50 PM [DEBUG] Trying Dense1Size from 795 to 1024
04/04/2023 04:59:32 PM [INFO] Iteration:3, Time:461.40240597724915, Score:0.7383410388159515
04/04/2023 04:59:32 PM [INFO] Improvement found, new high score: 0.7383410388159515
04/04/2023 04:59:32 PM [INFO] Status Update - Score: 0.7383410388159515; Parameters: [8, 1024, 0.7000000000000001]; Currentparam: 2; Direction: True; Stage: 8;
04/04/2023 04:59:32 PM [INFO] Status Update - Score: 0.7383410388159515; Parameters: [8, 1024, 0.7000000000000001]; Currentparam: 0; Direction: True; Stage: 7;
04/04/2023 04:59:32 PM [INFO] Status Update - Score: 0.7383410388159515; Parameters: [8, 1024, 0.7000000000000001]; Currentparam: 1; Direction: True; Stage: 7;
04/04/2023 04:59:32 PM [DEBUG] Trying Dense1Size from 1024 to 896
