04/01/2023 03:20:47 PM [INFO] Added parameter: Conv2DSize-1: min=1, max=64, is_integer=True, resolution=1, stages=4
04/01/2023 03:20:47 PM [INFO] Added parameter: Conv2DSize-2: min=1, max=128, is_integer=True, resolution=1, stages=5
04/01/2023 03:20:47 PM [INFO] Added parameter: Dense1Size: min=1, max=1024, is_integer=True, resolution=1, stages=8
04/01/2023 03:20:47 PM [INFO] Added parameter: Dropout1: min=0.1, max=0.9, is_integer=False, resolution=0.1, stages=2
04/01/2023 03:20:47 PM [INFO] Beginning run:
<ltpspace.Explorer object at 0x000002866A2ADD90>
04/01/2023 03:20:47 PM [INFO] Recovering from: Logfiles\ltps_2023-03-31_22-43-06.log
04/01/2023 03:20:47 PM [INFO] Recovered score: 0.6899486379729384
04/01/2023 03:20:47 PM [INFO] Recovered params: [6, 104, 880, 0.30000000000000004]
04/01/2023 03:20:47 PM [INFO] Recovered currentparam: 2
04/01/2023 03:20:47 PM [INFO] Recovered direction: False
04/01/2023 03:20:47 PM [INFO] Recovered stages: 1
04/01/2023 03:20:47 PM [INFO] Beginning Parameter Space Search...
04/01/2023 03:20:47 PM [INFO] Status Update - Score: 0.6899486379729384; Parameters: [6, 104, 880, 0.30000000000000004]; Currentparam: 2; Direction: False; Stage: 1;
04/01/2023 03:20:47 PM [DEBUG] Trying Dense1Size from 880 to 876
04/01/2023 03:32:31 PM [WARNING] 5 out of the last 13 calls to <function Model.make_predict_function.<locals>.predict_function at 0x0000028600010680> triggered tf.function retracing. Tracing is expensive and the excessive number of tracings could be due to (1) creating @tf.function repeatedly in a loop, (2) passing tensors with different shapes, (3) passing Python objects instead of tensors. For (1), please define your @tf.function outside of the loop. For (2), @tf.function has reduce_retracing=True option that can avoid unnecessary retracing. For (3), please refer to https://www.tensorflow.org/guide/function#controlling_retracing and https://www.tensorflow.org/api_docs/python/tf/function for  more details.
04/01/2023 03:34:39 PM [WARNING] 5 out of the last 13 calls to <function Model.make_predict_function.<locals>.predict_function at 0x000002866A3999E0> triggered tf.function retracing. Tracing is expensive and the excessive number of tracings could be due to (1) creating @tf.function repeatedly in a loop, (2) passing tensors with different shapes, (3) passing Python objects instead of tensors. For (1), please define your @tf.function outside of the loop. For (2), @tf.function has reduce_retracing=True option that can avoid unnecessary retracing. For (3), please refer to https://www.tensorflow.org/guide/function#controlling_retracing and https://www.tensorflow.org/api_docs/python/tf/function for  more details.
04/01/2023 03:41:57 PM [INFO] Iteration:2, Time:1269.7568550109863, Score:0.4503268046646429
04/01/2023 03:41:57 PM [INFO] Status Update - Score: 0.6899486379729384; Parameters: [6, 104, 880, 0.30000000000000004]; Currentparam: 3; Direction: True; Stage: 1;
04/01/2023 03:41:58 PM [DEBUG] Trying Dropout1 from 0.30000000000000004 to 0.5
04/01/2023 04:00:59 PM [INFO] Iteration:3, Time:1141.1932950019836, Score:0.6235670174886694
04/01/2023 04:00:59 PM [INFO] Status Update - Score: 0.6899486379729384; Parameters: [6, 104, 880, 0.30000000000000004]; Currentparam: 3; Direction: False; Stage: 1;
04/01/2023 04:00:59 PM [DEBUG] Trying Dropout1 from 0.30000000000000004 to 0.1
04/01/2023 04:23:12 PM [INFO] Iteration:4, Time:1332.970520734787, Score:0.6013453363965809
04/01/2023 04:23:12 PM [INFO] Status Update - Score: 0.6899486379729384; Parameters: [6, 104, 880, 0.30000000000000004]; Currentparam: 0; Direction: True; Stage: 0;
04/01/2023 04:23:12 PM [DEBUG] Trying Conv2DSize-1 from 6 to 8
04/01/2023 04:41:10 PM [INFO] Iteration:5, Time:1077.8394041061401, Score:0.3947813501052148
04/01/2023 04:41:10 PM [INFO] Status Update - Score: 0.6899486379729384; Parameters: [6, 104, 880, 0.30000000000000004]; Currentparam: 0; Direction: False; Stage: 0;
04/01/2023 04:41:10 PM [DEBUG] Trying Conv2DSize-1 from 6 to 4
04/01/2023 05:02:01 PM [INFO] Iteration:6, Time:1250.4606730937958, Score:0.5305770223662639
04/01/2023 05:02:01 PM [INFO] Status Update - Score: 0.6899486379729384; Parameters: [6, 104, 880, 0.30000000000000004]; Currentparam: 1; Direction: True; Stage: 0;
04/01/2023 05:02:01 PM [DEBUG] Trying Conv2DSize-2 from 104 to 106
04/01/2023 05:24:44 PM [INFO] Iteration:7, Time:1363.105882883072, Score:0.3098486118509002
04/01/2023 05:24:44 PM [INFO] Status Update - Score: 0.6899486379729384; Parameters: [6, 104, 880, 0.30000000000000004]; Currentparam: 1; Direction: False; Stage: 0;
04/01/2023 05:24:45 PM [DEBUG] Trying Conv2DSize-2 from 104 to 102
04/01/2023 05:47:34 PM [INFO] Iteration:8, Time:1369.620727777481, Score:0.6252849577184907
04/01/2023 05:47:34 PM [INFO] Status Update - Score: 0.6899486379729384; Parameters: [6, 104, 880, 0.30000000000000004]; Currentparam: 2; Direction: True; Stage: 0;
04/01/2023 05:47:35 PM [DEBUG] Trying Dense1Size from 880 to 882
04/01/2023 06:08:53 PM [INFO] Iteration:9, Time:1278.8810369968414, Score:0.6050374029247082
04/01/2023 06:08:54 PM [INFO] Status Update - Score: 0.6899486379729384; Parameters: [6, 104, 880, 0.30000000000000004]; Currentparam: 2; Direction: False; Stage: 0;
04/01/2023 06:08:54 PM [DEBUG] Trying Dense1Size from 880 to 878
04/01/2023 06:29:59 PM [INFO] Iteration:10, Time:1265.429025888443, Score:0.5466806910211248
04/01/2023 06:29:59 PM [INFO] Status Update - Score: 0.6899486379729384; Parameters: [6, 104, 880, 0.30000000000000004]; Currentparam: 3; Direction: True; Stage: 0;
04/01/2023 06:29:59 PM [DEBUG] Trying Dropout1 from 0.30000000000000004 to 0.4
04/01/2023 06:48:46 PM [INFO] Iteration:11, Time:1126.251235485077, Score:0.5018633622905768
04/01/2023 06:48:46 PM [INFO] Status Update - Score: 0.6899486379729384; Parameters: [6, 104, 880, 0.30000000000000004]; Currentparam: 3; Direction: False; Stage: 0;
04/01/2023 06:48:46 PM [DEBUG] Trying Dropout1 from 0.30000000000000004 to 0.2
04/01/2023 07:09:36 PM [INFO] Iteration:12, Time:1249.6658198833466, Score:0.4286678369498724
04/01/2023 07:09:36 PM [INFO] Parameters converged, performing final scoring...

04/01/2023 07:20:59 PM [INFO] Learning Curve Data:
04/01/2023 07:20:59 PM [INFO] Sample Sizes:             60      120      180      240      300      360      420      480      540      600
04/01/2023 07:20:59 PM [INFO] Train Scores:        0.87879  0.87805  0.93122  0.91954  0.80139  0.78588  0.45517  0.80435  0.91473  0.06940
04/01/2023 07:20:59 PM [INFO] Test Scores:         0.74973  0.63733  0.72142  0.74207  0.62213  0.72560  0.22034  0.52318  0.45556  0.01905
04/01/2023 07:20:59 PM [INFO] Validation Scores:   0.78067  0.61386  0.71698  0.78030  0.56085  0.74510  0.16176  0.47568  0.44595  0.00000
04/01/2023 07:20:59 PM [INFO] Final Parameters:
[6, 104, 880, 0.30000000000000004]
04/01/2023 07:20:59 PM [INFO] Total runtime: 14411.920048475266
