03/31/2023 09:35:37 PM [INFO] Added parameter: Conv2DSize-1: min=1, max=64, is_integer=True, resolution=1, stages=4
03/31/2023 09:35:37 PM [INFO] Added parameter: Conv2DSize-2: min=1, max=128, is_integer=True, resolution=1, stages=5
03/31/2023 09:35:37 PM [INFO] Added parameter: Dense1Size: min=1, max=1024, is_integer=True, resolution=1, stages=8
03/31/2023 09:35:37 PM [INFO] Added parameter: Dropout1: min=0.1, max=0.9, is_integer=False, resolution=0.1, stages=2
03/31/2023 09:35:37 PM [INFO] Beginning run:
<ltpspace.Explorer object at 0x000001645DEF3F90>
03/31/2023 09:35:37 PM [INFO] Recovering from: Logfiles\ltps_2023-03-30_21-16-27.log
03/31/2023 09:35:37 PM [INFO] Recovered score: 0.6371337763071578
03/31/2023 09:35:37 PM [INFO] Recovered params: [51, 77, 768, 0.8]
03/31/2023 09:35:37 PM [INFO] Recovered currentparam: 3
03/31/2023 09:35:37 PM [INFO] Recovered direction: True
03/31/2023 09:35:37 PM [INFO] Recovered stages: 0
03/31/2023 09:35:37 PM [INFO] Beginning Parameter Space Search...
03/31/2023 09:35:37 PM [INFO] Status Update - Score: 0.6371337763071578; Parameters: [51, 77, 768, 0.8]; Currentparam: 3; Direction: True; Stage: 0;
03/31/2023 09:35:38 PM [DEBUG] Trying Dropout1 from 0.8 to 0.9
03/31/2023 09:48:43 PM [WARNING] 5 out of the last 13 calls to <function Model.make_predict_function.<locals>.predict_function at 0x0000016462B60680> triggered tf.function retracing. Tracing is expensive and the excessive number of tracings could be due to (1) creating @tf.function repeatedly in a loop, (2) passing tensors with different shapes, (3) passing Python objects instead of tensors. For (1), please define your @tf.function outside of the loop. For (2), @tf.function has reduce_retracing=True option that can avoid unnecessary retracing. For (3), please refer to https://www.tensorflow.org/guide/function#controlling_retracing and https://www.tensorflow.org/api_docs/python/tf/function for  more details.
03/31/2023 09:51:07 PM [WARNING] 5 out of the last 13 calls to <function Model.make_predict_function.<locals>.predict_function at 0x000001645DFB99E0> triggered tf.function retracing. Tracing is expensive and the excessive number of tracings could be due to (1) creating @tf.function repeatedly in a loop, (2) passing tensors with different shapes, (3) passing Python objects instead of tensors. For (1), please define your @tf.function outside of the loop. For (2), @tf.function has reduce_retracing=True option that can avoid unnecessary retracing. For (3), please refer to https://www.tensorflow.org/guide/function#controlling_retracing and https://www.tensorflow.org/api_docs/python/tf/function for  more details.
03/31/2023 10:01:28 PM [INFO] Iteration:2, Time:1550.293107509613, Score:0.5785550266916266
03/31/2023 10:01:28 PM [INFO] Status Update - Score: 0.6371337763071578; Parameters: [51, 77, 768, 0.8]; Currentparam: 3; Direction: False; Stage: 0;
03/31/2023 10:01:28 PM [DEBUG] Trying Dropout1 from 0.8 to 0.7000000000000001
03/31/2023 10:26:59 PM [INFO] Iteration:3, Time:1531.3945574760437, Score:0.39134788315807295
03/31/2023 10:27:00 PM [INFO] Parameters converged, performing final scoring...

03/31/2023 10:43:00 PM [INFO] Learning Curve Data:
03/31/2023 10:43:00 PM [INFO] Sample Sizes:             60      120      180      240      300      360      420      480      540      600
03/31/2023 10:43:00 PM [INFO] Train Scores:        0.81579  0.83333  0.41379  0.83571  0.67550  0.71549  0.05381  0.67403  0.70886  0.67403
03/31/2023 10:43:00 PM [INFO] Test Scores:         0.73313  0.54971  0.18994  0.75410  0.67374  0.65618  0.04000  0.67495  0.64725  0.67550
03/31/2023 10:43:00 PM [INFO] Validation Scores:   0.75940  0.49057  0.19048  0.76305  0.70968  0.65421  0.05128  0.70968  0.74359  0.70968
03/31/2023 10:43:01 PM [INFO] Final Parameters:
[51, 77, 768, 0.8]
03/31/2023 10:43:01 PM [INFO] Total runtime: 4043.529032230377
